c:\users\stephen mei\source\repos\homework3\homework3\debug\vc142.pdb
c:\users\stephen mei\source\repos\homework3\homework3\debug\vc142.idb
c:\users\stephen mei\source\repos\homework3\homework3\debug\userinputevent.obj
c:\users\stephen mei\source\repos\homework3\homework3\debug\timeline.obj
c:\users\stephen mei\source\repos\homework3\homework3\debug\spawnevent.obj
c:\users\stephen mei\source\repos\homework3\homework3\debug\sizecomponents.obj
c:\users\stephen mei\source\repos\homework3\homework3\debug\positioncomponents.obj
c:\users\stephen mei\source\repos\homework3\homework3\debug\platfeventhandler.obj
c:\users\stephen mei\source\repos\homework3\homework3\debug\movementcomponents.obj
c:\users\stephen mei\source\repos\homework3\homework3\debug\main.obj
c:\users\stephen mei\source\repos\homework3\homework3\debug\gametime.obj
c:\users\stephen mei\source\repos\homework3\homework3\debug\gameobject.obj
c:\users\stephen mei\source\repos\homework3\homework3\debug\eventmanager.obj
c:\users\stephen mei\source\repos\homework3\homework3\debug\deathevent.obj
c:\users\stephen mei\source\repos\homework3\homework3\debug\colorcomponents.obj
c:\users\stephen mei\source\repos\homework3\homework3\debug\collisionevent.obj
c:\users\stephen mei\source\repos\homework3\homework3\debug\chareventhandler.obj
c:\users\stephen mei\source\repos\homework3\homework3\debug\duktape.obj
c:\users\stephen mei\source\repos\homework3\homework3\debug\scriptmanager.obj
c:\users\stephen mei\source\repos\homework3\homework3\debug\scriptevent.obj
c:\users\stephen mei\source\repos\homework3\debug\homework3.exe
c:\users\stephen mei\source\repos\homework3\debug\homework3.ilk
c:\users\stephen mei\source\repos\homework3\debug\homework3.pdb
c:\users\stephen mei\source\repos\homework3\homework3\debug\homework3.tlog\cl.command.1.tlog
c:\users\stephen mei\source\repos\homework3\homework3\debug\homework3.tlog\cl.read.1.tlog
c:\users\stephen mei\source\repos\homework3\homework3\debug\homework3.tlog\cl.write.1.tlog
c:\users\stephen mei\source\repos\homework3\homework3\debug\homework3.tlog\link.command.1.tlog
c:\users\stephen mei\source\repos\homework3\homework3\debug\homework3.tlog\link.read.1.tlog
c:\users\stephen mei\source\repos\homework3\homework3\debug\homework3.tlog\link.write.1.tlog
